<?xml version="1.0" encoding="UTF-8"?>
<!-- Generated by org.testng.reporters.JUnitReportReporter -->
<testsuite skipped="0" hostname="my-pc" name="com.qa.scripts.BaseClass" tests="2" failures="0" timestamp="15 Aug 2018 12:56:49 GMT" time="10.203" errors="0">
  <testcase name="runBrowser" time="9.549" classname="com.qa.scripts.BaseClass"/>
  <testcase name="assertTitle" time="0.654" classname="com.qa.scripts.BaseClass"/>
</testsuite> <!-- com.qa.scripts.BaseClass -->
